Unity Editor version:    2020.3.22f1 (e1a7f79fd887)
Branch:                  2020.3/staging
Build type:              Release
Batch mode:              YES
macOS version:           Version 12.1 (Build 21C52)
Darwin version:          21.2.0
Architecture:            x86_64
Running under Rosetta:   NO
Available memory:        32768 MB
Using pre-set license
Pro License: NO

COMMAND LINE ARGUMENTS:
/Applications/Unity/Hub/Editor/2020.3.22f1/Unity.app/Contents/MacOS/Unity
-adb2
-batchMode
-noUpm
-name
AssetImportWorker0
-projectPath
/Users/mariasantos/Downloads/NavMesh Start
-logFile
Logs/AssetImportWorker0.log
-srvPort
60956
Successfully changed project path to: /Users/mariasantos/Downloads/NavMesh Start
/Users/mariasantos/Downloads/NavMesh Start
Using Asset Import Pipeline V2.
Refreshing native plugins compatible for Editor in 42.10 ms, found 2 plugins.
Preloading 0 native plugins for Editor in 0.00 ms.
Initialize engine version: 2020.3.22f1 (e1a7f79fd887)
[Subsystems] Discovering subsystems at path /Applications/Unity/Hub/Editor/2020.3.22f1/Unity.app/Contents/Resources/UnitySubsystems
[Subsystems] Discovering subsystems at path /Users/mariasantos/Downloads/NavMesh Start/Assets
GfxDevice: creating device client; threaded=0
2022-02-07 19:53:44.191 Unity[87969:1053696] Color LCD preferred device: Intel(R) Iris(TM) Plus Graphics (low power)
2022-02-07 19:53:44.191 Unity[87969:1053696] Metal devices available: 1
2022-02-07 19:53:44.191 Unity[87969:1053696] 0: Intel(R) Iris(TM) Plus Graphics (low power)
2022-02-07 19:53:44.191 Unity[87969:1053696] Using device Intel(R) Iris(TM) Plus Graphics (low power)
Initializing Metal device caps: Intel(R) Iris(TM) Plus Graphics
Initialize mono
Mono path[0] = '/Applications/Unity/Hub/Editor/2020.3.22f1/Unity.app/Contents/Managed'
Mono path[1] = '/Applications/Unity/Hub/Editor/2020.3.22f1/Unity.app/Contents/MonoBleedingEdge/lib/mono/unityjit'
Mono config path = '/Applications/Unity/Hub/Editor/2020.3.22f1/Unity.app/Contents/MonoBleedingEdge/etc'
Using monoOptions --debugger-agent=transport=dt_socket,embedding=1,server=y,suspend=n,address=127.0.0.1:56969
Begin MonoManager ReloadAssembly
Registering precompiled unity dll's ...
Register platform support module: /Applications/Unity/Hub/Editor/2020.3.22f1/Unity.app/Contents/PlaybackEngines/MacStandaloneSupport/UnityEditor.OSXStandalone.Extensions.dll
Registered in 0.000493 seconds.
Native extension for OSXStandalone target not found
Refreshing native plugins compatible for Editor in 27.99 ms, found 2 plugins.
Preloading 0 native plugins for Editor in 0.00 ms.
Mono: successfully reloaded assembly
- Completed reload, in  1.924 seconds
Domain Reload Profiling:
	ReloadAssembly (1924ms)
		BeginReloadAssembly (54ms)
			ExecutionOrderSort (0ms)
			DisableScriptedObjects (0ms)
			BackupInstance (0ms)
			ReleaseScriptingObjects (0ms)
			CreateAndSetChildDomain (2ms)
		EndReloadAssembly (434ms)
			LoadAssemblies (51ms)
			RebuildTransferFunctionScriptingTraits (0ms)
			SetupTypeCache (161ms)
			ReleaseScriptCaches (0ms)
			RebuildScriptCaches (34ms)
			SetupLoadedEditorAssemblies (164ms)
				LogAssemblyErrors (0ms)
				InitializePlatformSupportModulesInManaged (4ms)
				SetLoadedEditorAssemblies (0ms)
				RefreshPlugins (28ms)
				BeforeProcessingInitializeOnLoad (9ms)
				ProcessInitializeOnLoadAttributes (94ms)
				ProcessInitializeOnLoadMethodAttributes (29ms)
				AfterProcessingInitializeOnLoad (0ms)
				EditorAssembliesLoaded (0ms)
			ExecutionOrderSort2 (0ms)
			AwakeInstancesAfterBackupRestoration (0ms)
Platform modules already initialized, skipping
Registering precompiled user dll's ...
Registered in 0.001861 seconds.
Begin MonoManager ReloadAssembly
Native extension for OSXStandalone target not found
Refreshing native plugins compatible for Editor in 0.59 ms, found 2 plugins.
Preloading 0 native plugins for Editor in 0.00 ms.
Mono: successfully reloaded assembly
- Completed reload, in  0.996 seconds
Domain Reload Profiling:
	ReloadAssembly (997ms)
		BeginReloadAssembly (133ms)
			ExecutionOrderSort (0ms)
			DisableScriptedObjects (4ms)
			BackupInstance (0ms)
			ReleaseScriptingObjects (0ms)
			CreateAndSetChildDomain (20ms)
		EndReloadAssembly (806ms)
			LoadAssemblies (72ms)
			RebuildTransferFunctionScriptingTraits (0ms)
			SetupTypeCache (279ms)
			ReleaseScriptCaches (0ms)
			RebuildScriptCaches (45ms)
			SetupLoadedEditorAssemblies (309ms)
				LogAssemblyErrors (0ms)
				InitializePlatformSupportModulesInManaged (4ms)
				SetLoadedEditorAssemblies (0ms)
				RefreshPlugins (1ms)
				BeforeProcessingInitializeOnLoad (72ms)
				ProcessInitializeOnLoadAttributes (220ms)
				ProcessInitializeOnLoadMethodAttributes (10ms)
				AfterProcessingInitializeOnLoad (2ms)
				EditorAssembliesLoaded (0ms)
			ExecutionOrderSort2 (0ms)
			AwakeInstancesAfterBackupRestoration (8ms)
Platform modules already initialized, skipping
Validating Project structure ... 0.001199 seconds.
Shader import version has changed; will reimport all shaders...
Upgrading shader files ...0.001504 seconds.
Application.AssetDatabase Initial Script Refresh Start
RefreshInfo: InitialScriptRefreshV2(NoUpdateAssetOptions) scanfilter:  ... 1 filters
RefreshProfiler: Total: 0.000ms
Application.AssetDatabase Initial Script Refresh End
Application.AssetDatabase.Refresh Start
Application.AssetDatabase.Refresh End
RefreshInfo: StopAssetImportingV2(ForceSynchronousImport) scanfilter: 
RefreshProfiler: Total: 0.000ms
Launching external process: /Applications/Unity/Hub/Editor/2020.3.22f1/Unity.app/Contents/Tools/UnityShaderCompiler
Launched and connected shader compiler UnityShaderCompiler after 0.01 seconds
Initializing Unity extensions:
2022-02-07 19:53:47.768 Unity[87969:1053696] NSEventModifierFlagFunction specified to -setKeyEquivalentModifierMask: for item <NSMenuItem: 0x600001bca990 Font Asset, ke='Command-F12'>, but is only supported for system-provided menu items; will not be used
2022-02-07 19:53:47.771 Unity[87969:1053696] NSEventModifierFlagFunction specified to -setKeyEquivalentModifierMask: for item <NSMenuItem: 0x600001bfa5a0 Font Asset, ke='Command-F12'>, but is only supported for system-provided menu items; will not be used
========================================================================
Worker process is ready to serve import requests
Refreshing native plugins compatible for Editor in 0.28 ms, found 2 plugins.
Preloading 0 native plugins for Editor in 0.00 ms.
Unloading 1501 Unused Serialized files (Serialized files now loaded: 0)
System memory in use before: 163.6 MB.
System memory in use after: 162.8 MB.

Unloading 87 unused Assets to reduce memory usage. Loaded Objects now: 1972.
Total: 3.072030 ms (FindLiveObjects: 0.204297 ms CreateObjectMapping: 0.043513 ms MarkObjects: 2.374032 ms  DeleteObjects: 0.448989 ms)

AssetImportParameters requested are different than current active one (requested -> active):
  custom:video-decoder-ogg-theora: a1e56fd34408186e4bbccfd4996cb3dc -> 
  custom:container-muxer-webm: aa71ff27fc2769a1b78a27578f13a17b -> 
  custom:container-demuxer-webm: 4f35f7cbe854078d1ac9338744f61a02 -> 
  custom:container-demuxer-ogg: 62fdf1f143b41e24485cea50d1cbac27 -> 
  custom:video-encoder-webm-vp8: eb34c28f22e8b96e1ab97ce403110664 -> 
  custom:framework-osx-AVFoundation: e770b220cccbd017edd2c1fefb359320 -> 
  custom:video-decoder-webm-vp8: 9c59270c3fd7afecdb556c50c9e8de78 -> 
  custom:audio-decoder-ogg-vorbis: bf7c407c2cedff20999df2af8eb42d56 -> 
  custom:audio-encoder-webm-vorbis: bf7c407c2cedff20999df2af8eb42d56 -> 
========================================================================
Received Import Request.
  path: Assets/Example02 - Obstacles.unity
  artifactKey: Guid(15808f7fbd554c14d8971512aec98bef) Importer(815301076,1909f56bfc062723c751e8b465ee728b)
Start importing Assets/Example02 - Obstacles.unity using Guid(15808f7fbd554c14d8971512aec98bef) Importer(815301076,1909f56bfc062723c751e8b465ee728b)  -> (artifact id: 'cd0441167f8290d7addff6da3968cf20') in 0.010621 seconds 
  Import took 0.012936 seconds .

========================================================================
Received Import Request.
  Time since last request: 0.000297 seconds.
  path: Assets/Example02 - Obstacles
  artifactKey: Guid(2d660dcb65e72f24897c2f1a19cde348) Importer(815301076,1909f56bfc062723c751e8b465ee728b)
Start importing Assets/Example02 - Obstacles using Guid(2d660dcb65e72f24897c2f1a19cde348) Importer(815301076,1909f56bfc062723c751e8b465ee728b)  -> (artifact id: '88379d06490bc2eae031d31a6b7644b2') in 0.000833 seconds 
  Import took 0.002856 seconds .

========================================================================
Received Import Request.
  Time since last request: 0.000317 seconds.
  path: Assets/Example03 - Runtime
  artifactKey: Guid(8d8bfd976eef0f349aa6accbb0f5d7a1) Importer(815301076,1909f56bfc062723c751e8b465ee728b)
Start importing Assets/Example03 - Runtime using Guid(8d8bfd976eef0f349aa6accbb0f5d7a1) Importer(815301076,1909f56bfc062723c751e8b465ee728b)  -> (artifact id: '84aae0b30492593501ab86a25f1b845a') in 0.000909 seconds 
  Import took 0.003357 seconds .

========================================================================
Received Prepare
Registering precompiled user dll's ...
Registered in 0.001978 seconds.
Begin MonoManager ReloadAssembly
Native extension for OSXStandalone target not found
Refreshing native plugins compatible for Editor in 0.30 ms, found 2 plugins.
Preloading 0 native plugins for Editor in 0.00 ms.
2022-02-07 19:53:53.620 Unity[87969:1053696] NSEventModifierFlagFunction specified to -setKeyEquivalentModifierMask: for item <NSMenuItem: 0x600001b5c700 Font Asset, ke='Command-F12'>, but is only supported for system-provided menu items; will not be used
Mono: successfully reloaded assembly
- Completed reload, in  0.993 seconds
Domain Reload Profiling:
	ReloadAssembly (993ms)
		BeginReloadAssembly (97ms)
			ExecutionOrderSort (0ms)
			DisableScriptedObjects (4ms)
			BackupInstance (0ms)
			ReleaseScriptingObjects (0ms)
			CreateAndSetChildDomain (37ms)
		EndReloadAssembly (838ms)
			LoadAssemblies (71ms)
			RebuildTransferFunctionScriptingTraits (0ms)
			SetupTypeCache (314ms)
			ReleaseScriptCaches (1ms)
			RebuildScriptCaches (44ms)
			SetupLoadedEditorAssemblies (300ms)
				LogAssemblyErrors (0ms)
				InitializePlatformSupportModulesInManaged (5ms)
				SetLoadedEditorAssemblies (0ms)
				RefreshPlugins (0ms)
				BeforeProcessingInitializeOnLoad (94ms)
				ProcessInitializeOnLoadAttributes (191ms)
				ProcessInitializeOnLoadMethodAttributes (8ms)
				AfterProcessingInitializeOnLoad (1ms)
				EditorAssembliesLoaded (0ms)
			ExecutionOrderSort2 (0ms)
			AwakeInstancesAfterBackupRestoration (6ms)
Platform modules already initialized, skipping
Refreshing native plugins compatible for Editor in 0.32 ms, found 2 plugins.
Preloading 0 native plugins for Editor in 0.00 ms.
Unloading 1493 Unused Serialized files (Serialized files now loaded: 0)
System memory in use before: 161.6 MB.
System memory in use after: 161.7 MB.

Unloading 16 unused Assets to reduce memory usage. Loaded Objects now: 1974.
Total: 2.455881 ms (FindLiveObjects: 0.128874 ms CreateObjectMapping: 0.072829 ms MarkObjects: 2.237817 ms  DeleteObjects: 0.015470 ms)

AssetImportParameters requested are different than current active one (requested -> active):
  custom:video-decoder-ogg-theora: a1e56fd34408186e4bbccfd4996cb3dc -> 
  custom:container-muxer-webm: aa71ff27fc2769a1b78a27578f13a17b -> 
  custom:container-demuxer-webm: 4f35f7cbe854078d1ac9338744f61a02 -> 
  custom:container-demuxer-ogg: 62fdf1f143b41e24485cea50d1cbac27 -> 
  custom:video-encoder-webm-vp8: eb34c28f22e8b96e1ab97ce403110664 -> 
  custom:framework-osx-AVFoundation: e770b220cccbd017edd2c1fefb359320 -> 
  custom:video-decoder-webm-vp8: 9c59270c3fd7afecdb556c50c9e8de78 -> 
  custom:audio-decoder-ogg-vorbis: bf7c407c2cedff20999df2af8eb42d56 -> 
  custom:audio-encoder-webm-vorbis: bf7c407c2cedff20999df2af8eb42d56 -> 
========================================================================
Received Import Request.
  Time since last request: 6.052286 seconds.
  path: Assets/Example03 - Runtime.unity
  artifactKey: Guid(3b7d1a8aea3e8e544bbd87836cfae60e) Importer(815301076,1909f56bfc062723c751e8b465ee728b)
Start importing Assets/Example03 - Runtime.unity using Guid(3b7d1a8aea3e8e544bbd87836cfae60e) Importer(815301076,1909f56bfc062723c751e8b465ee728b)  -> (artifact id: '5542c554d7e88eb69c338fb38344443e') in 0.009364 seconds 
  Import took 0.011377 seconds .

========================================================================
Received Import Request.
  Time since last request: 1.359717 seconds.
  path: Assets/Example04 - Links
  artifactKey: Guid(3c6085e5a0ab67f45a5c3224414d9ea5) Importer(815301076,1909f56bfc062723c751e8b465ee728b)
Start importing Assets/Example04 - Links using Guid(3c6085e5a0ab67f45a5c3224414d9ea5) Importer(815301076,1909f56bfc062723c751e8b465ee728b)  -> (artifact id: '86d0ddeb74c9522a7ab85e1a40787e47') in 0.001888 seconds 
  Import took 0.005795 seconds .

========================================================================
Received Import Request.
  Time since last request: 1.419152 seconds.
  path: Assets/Example04 - Links.unity
  artifactKey: Guid(6c3391d23674c2345b1108e82c422e4a) Importer(815301076,1909f56bfc062723c751e8b465ee728b)
Start importing Assets/Example04 - Links.unity using Guid(6c3391d23674c2345b1108e82c422e4a) Importer(815301076,1909f56bfc062723c751e8b465ee728b)  -> (artifact id: '7ad36298c7447c49782cd9375eb72f09') in 0.002676 seconds 
  Import took 0.006610 seconds .

========================================================================
Received Import Request.
  Time since last request: 1.239055 seconds.
  path: Assets/Example05 - LowMan
  artifactKey: Guid(b2a57d17f46fa794a84a41335c98bfd2) Importer(815301076,1909f56bfc062723c751e8b465ee728b)
Start importing Assets/Example05 - LowMan using Guid(b2a57d17f46fa794a84a41335c98bfd2) Importer(815301076,1909f56bfc062723c751e8b465ee728b)  -> (artifact id: '1e6b08a7caf81c55cec82a345d022046') in 0.001533 seconds 
  Import took 0.005389 seconds .

========================================================================
Received Prepare
Registering precompiled user dll's ...
Registered in 0.001558 seconds.
Begin MonoManager ReloadAssembly
Native extension for OSXStandalone target not found
Refreshing native plugins compatible for Editor in 0.30 ms, found 2 plugins.
Preloading 0 native plugins for Editor in 0.00 ms.
2022-02-07 19:54:03.000 Unity[87969:1053696] NSEventModifierFlagFunction specified to -setKeyEquivalentModifierMask: for item <NSMenuItem: 0x600001bc2b50 Font Asset, ke='Command-F12'>, but is only supported for system-provided menu items; will not be used
Mono: successfully reloaded assembly
- Completed reload, in  0.965 seconds
Domain Reload Profiling:
	ReloadAssembly (966ms)
		BeginReloadAssembly (92ms)
			ExecutionOrderSort (0ms)
			DisableScriptedObjects (4ms)
			BackupInstance (0ms)
			ReleaseScriptingObjects (0ms)
			CreateAndSetChildDomain (35ms)
		EndReloadAssembly (816ms)
			LoadAssemblies (69ms)
			RebuildTransferFunctionScriptingTraits (0ms)
			SetupTypeCache (299ms)
			ReleaseScriptCaches (1ms)
			RebuildScriptCaches (42ms)
			SetupLoadedEditorAssemblies (300ms)
				LogAssemblyErrors (0ms)
				InitializePlatformSupportModulesInManaged (5ms)
				SetLoadedEditorAssemblies (1ms)
				RefreshPlugins (0ms)
				BeforeProcessingInitializeOnLoad (91ms)
				ProcessInitializeOnLoadAttributes (194ms)
				ProcessInitializeOnLoadMethodAttributes (8ms)
				AfterProcessingInitializeOnLoad (1ms)
				EditorAssembliesLoaded (0ms)
			ExecutionOrderSort2 (0ms)
			AwakeInstancesAfterBackupRestoration (6ms)
Platform modules already initialized, skipping
Refreshing native plugins compatible for Editor in 0.31 ms, found 2 plugins.
Preloading 0 native plugins for Editor in 0.00 ms.
Unloading 1492 Unused Serialized files (Serialized files now loaded: 0)
System memory in use before: 161.6 MB.
System memory in use after: 161.7 MB.

Unloading 15 unused Assets to reduce memory usage. Loaded Objects now: 1975.
Total: 2.480819 ms (FindLiveObjects: 0.263674 ms CreateObjectMapping: 0.038204 ms MarkObjects: 2.162160 ms  DeleteObjects: 0.016029 ms)

AssetImportParameters requested are different than current active one (requested -> active):
  custom:video-decoder-ogg-theora: a1e56fd34408186e4bbccfd4996cb3dc -> 
  custom:container-muxer-webm: aa71ff27fc2769a1b78a27578f13a17b -> 
  custom:container-demuxer-webm: 4f35f7cbe854078d1ac9338744f61a02 -> 
  custom:container-demuxer-ogg: 62fdf1f143b41e24485cea50d1cbac27 -> 
  custom:video-encoder-webm-vp8: eb34c28f22e8b96e1ab97ce403110664 -> 
  custom:framework-osx-AVFoundation: e770b220cccbd017edd2c1fefb359320 -> 
  custom:video-decoder-webm-vp8: 9c59270c3fd7afecdb556c50c9e8de78 -> 
  custom:audio-decoder-ogg-vorbis: bf7c407c2cedff20999df2af8eb42d56 -> 
  custom:audio-encoder-webm-vorbis: bf7c407c2cedff20999df2af8eb42d56 -> 
========================================================================
Received Import Request.
  Time since last request: 5.328577 seconds.
  path: Assets/Example05 - LowMan.unity
  artifactKey: Guid(75e05c5681f54c84d92c7fcf306ce093) Importer(815301076,1909f56bfc062723c751e8b465ee728b)
Start importing Assets/Example05 - LowMan.unity using Guid(75e05c5681f54c84d92c7fcf306ce093) Importer(815301076,1909f56bfc062723c751e8b465ee728b)  -> (artifact id: '682ab045d82abb590dabae55b26cc2c3') in 0.009878 seconds 
  Import took 0.012344 seconds .

========================================================================
Received Import Request.
  Time since last request: 1.253630 seconds.
  path: Assets/NavMeshComponents
  artifactKey: Guid(1c0b808f577db514ba90ce8c1745eff3) Importer(815301076,1909f56bfc062723c751e8b465ee728b)
Start importing Assets/NavMeshComponents using Guid(1c0b808f577db514ba90ce8c1745eff3) Importer(815301076,1909f56bfc062723c751e8b465ee728b)  -> (artifact id: '5d2ccdfd8bd8f1d0d8b94e83c374bf47') in 0.001747 seconds 
  Import took 0.005673 seconds .

========================================================================
Received Import Request.
  Time since last request: 7.427449 seconds.
  path: Assets/Example01 - Basics.unity
  artifactKey: Guid(d027fe1a77511c544ad7d118a03fcb22) Importer(815301076,1909f56bfc062723c751e8b465ee728b)
Start importing Assets/Example01 - Basics.unity using Guid(d027fe1a77511c544ad7d118a03fcb22) Importer(815301076,1909f56bfc062723c751e8b465ee728b)  -> (artifact id: '0749eb6a29e2d0498d2a58db02cf8459') in 0.003124 seconds 
  Import took 0.007278 seconds .

========================================================================
Received Prepare
Registering precompiled user dll's ...
Registered in 0.001690 seconds.
Begin MonoManager ReloadAssembly
Native extension for OSXStandalone target not found
Refreshing native plugins compatible for Editor in 0.33 ms, found 2 plugins.
Preloading 0 native plugins for Editor in 0.00 ms.
2022-02-07 19:54:24.516 Unity[87969:1053696] NSEventModifierFlagFunction specified to -setKeyEquivalentModifierMask: for item <NSMenuItem: 0x600001bd0310 Font Asset, ke='Command-F12'>, but is only supported for system-provided menu items; will not be used
Mono: successfully reloaded assembly
- Completed reload, in  0.941 seconds
Domain Reload Profiling:
	ReloadAssembly (941ms)
		BeginReloadAssembly (100ms)
			ExecutionOrderSort (0ms)
			DisableScriptedObjects (4ms)
			BackupInstance (0ms)
			ReleaseScriptingObjects (0ms)
			CreateAndSetChildDomain (38ms)
		EndReloadAssembly (783ms)
			LoadAssemblies (68ms)
			RebuildTransferFunctionScriptingTraits (0ms)
			SetupTypeCache (271ms)
			ReleaseScriptCaches (1ms)
			RebuildScriptCaches (40ms)
			SetupLoadedEditorAssemblies (306ms)
				LogAssemblyErrors (0ms)
				InitializePlatformSupportModulesInManaged (4ms)
				SetLoadedEditorAssemblies (0ms)
				RefreshPlugins (0ms)
				BeforeProcessingInitializeOnLoad (93ms)
				ProcessInitializeOnLoadAttributes (198ms)
				ProcessInitializeOnLoadMethodAttributes (8ms)
				AfterProcessingInitializeOnLoad (2ms)
				EditorAssembliesLoaded (0ms)
			ExecutionOrderSort2 (0ms)
			AwakeInstancesAfterBackupRestoration (6ms)
Platform modules already initialized, skipping
Refreshing native plugins compatible for Editor in 0.35 ms, found 2 plugins.
Preloading 0 native plugins for Editor in 0.00 ms.
Unloading 1492 Unused Serialized files (Serialized files now loaded: 0)
System memory in use before: 161.8 MB.
System memory in use after: 161.9 MB.

Unloading 14 unused Assets to reduce memory usage. Loaded Objects now: 1977.
Total: 2.553448 ms (FindLiveObjects: 0.117598 ms CreateObjectMapping: 0.031172 ms MarkObjects: 2.388978 ms  DeleteObjects: 0.014785 ms)

AssetImportParameters requested are different than current active one (requested -> active):
  custom:video-decoder-ogg-theora: a1e56fd34408186e4bbccfd4996cb3dc -> 
  custom:container-muxer-webm: aa71ff27fc2769a1b78a27578f13a17b -> 
  custom:container-demuxer-webm: 4f35f7cbe854078d1ac9338744f61a02 -> 
  custom:container-demuxer-ogg: 62fdf1f143b41e24485cea50d1cbac27 -> 
  custom:video-encoder-webm-vp8: eb34c28f22e8b96e1ab97ce403110664 -> 
  custom:framework-osx-AVFoundation: e770b220cccbd017edd2c1fefb359320 -> 
  custom:video-decoder-webm-vp8: 9c59270c3fd7afecdb556c50c9e8de78 -> 
  custom:audio-decoder-ogg-vorbis: bf7c407c2cedff20999df2af8eb42d56 -> 
  custom:audio-encoder-webm-vorbis: bf7c407c2cedff20999df2af8eb42d56 -> 
AssetImportWorkerClient::OnTransportError - code=2 error=End of file
