Unity Editor version:    2020.3.19f1 (68f137dc9bbe)
Branch:                  2020.3/staging
Build type:              Release
Batch mode:              YES
macOS version:           Version 11.6 (Build 20G165)
Darwin version:          20.6.0
Architecture:            x86_64
Running under Rosetta:   NO
Available memory:        32768 MB
Using pre-set license
Pro License: NO

COMMAND LINE ARGUMENTS:
/Applications/Unity/Hub/Editor/2020.3.19f1/Unity.app/Contents/MacOS/Unity
-adb2
-batchMode
-noUpm
-name
AssetImportWorker0
-projectPath
/Users/mariasantos/Documents/LADAT/2021-2022/Grupo 2/Mi Primer Proyectoo
-logFile
Logs/AssetImportWorker0.log
-srvPort
54875
Successfully changed project path to: /Users/mariasantos/Documents/LADAT/2021-2022/Grupo 2/Mi Primer Proyectoo
/Users/mariasantos/Documents/LADAT/2021-2022/Grupo 2/Mi Primer Proyectoo
Using Asset Import Pipeline V2.
Refreshing native plugins compatible for Editor in 34.53 ms, found 2 plugins.
Preloading 0 native plugins for Editor in 0.00 ms.
Initialize engine version: 2020.3.19f1 (68f137dc9bbe)
[Subsystems] Discovering subsystems at path /Applications/Unity/Hub/Editor/2020.3.19f1/Unity.app/Contents/Resources/UnitySubsystems
[Subsystems] Discovering subsystems at path /Users/mariasantos/Documents/LADAT/2021-2022/Grupo 2/Mi Primer Proyectoo/Assets
GfxDevice: creating device client; threaded=0
2021-09-28 08:20:24.678 Unity[59161:1635978] Color LCD preferred device: Intel(R) Iris(TM) Plus Graphics (low power)
2021-09-28 08:20:24.678 Unity[59161:1635978] Metal devices available: 1
2021-09-28 08:20:24.678 Unity[59161:1635978] 0: Intel(R) Iris(TM) Plus Graphics (low power)
2021-09-28 08:20:24.679 Unity[59161:1635978] Using device Intel(R) Iris(TM) Plus Graphics (low power)
Initializing Metal device caps: Intel(R) Iris(TM) Plus Graphics
Initialize mono
Mono path[0] = '/Applications/Unity/Hub/Editor/2020.3.19f1/Unity.app/Contents/Managed'
Mono path[1] = '/Applications/Unity/Hub/Editor/2020.3.19f1/Unity.app/Contents/MonoBleedingEdge/lib/mono/unityjit'
Mono config path = '/Applications/Unity/Hub/Editor/2020.3.19f1/Unity.app/Contents/MonoBleedingEdge/etc'
Using monoOptions --debugger-agent=transport=dt_socket,embedding=1,server=y,suspend=n,address=127.0.0.1:56161
Begin MonoManager ReloadAssembly
Registering precompiled unity dll's ...
Register platform support module: /Applications/Unity/Hub/Editor/2020.3.19f1/Unity.app/Contents/PlaybackEngines/MacStandaloneSupport/UnityEditor.OSXStandalone.Extensions.dll
Registered in 0.002354 seconds.
Native extension for OSXStandalone target not found
Refreshing native plugins compatible for Editor in 34.06 ms, found 2 plugins.
Preloading 0 native plugins for Editor in 0.00 ms.
Mono: successfully reloaded assembly
- Completed reload, in  2.568 seconds
Domain Reload Profiling:
	ReloadAssembly (2568ms)
		BeginReloadAssembly (47ms)
			ExecutionOrderSort (0ms)
			DisableScriptedObjects (0ms)
			BackupInstance (0ms)
			ReleaseScriptingObjects (0ms)
			CreateAndSetChildDomain (1ms)
		EndReloadAssembly (554ms)
			LoadAssemblies (47ms)
			RebuildTransferFunctionScriptingTraits (0ms)
			SetupTypeCache (223ms)
			ReleaseScriptCaches (0ms)
			RebuildScriptCaches (45ms)
			SetupLoadedEditorAssemblies (220ms)
				LogAssemblyErrors (0ms)
				InitializePlatformSupportModulesInManaged (6ms)
				SetLoadedEditorAssemblies (0ms)
				RefreshPlugins (34ms)
				BeforeProcessingInitializeOnLoad (13ms)
				ProcessInitializeOnLoadAttributes (129ms)
				ProcessInitializeOnLoadMethodAttributes (37ms)
				AfterProcessingInitializeOnLoad (0ms)
				EditorAssembliesLoaded (0ms)
			ExecutionOrderSort2 (0ms)
			AwakeInstancesAfterBackupRestoration (0ms)
Platform modules already initialized, skipping
Registering precompiled user dll's ...
Registered in 0.001483 seconds.
Begin MonoManager ReloadAssembly
Native extension for OSXStandalone target not found
Refreshing native plugins compatible for Editor in 0.29 ms, found 2 plugins.
Preloading 0 native plugins for Editor in 0.00 ms.
Mono: successfully reloaded assembly
- Completed reload, in  1.186 seconds
Domain Reload Profiling:
	ReloadAssembly (1187ms)
		BeginReloadAssembly (188ms)
			ExecutionOrderSort (0ms)
			DisableScriptedObjects (6ms)
			BackupInstance (0ms)
			ReleaseScriptingObjects (0ms)
			CreateAndSetChildDomain (32ms)
		EndReloadAssembly (916ms)
			LoadAssemblies (98ms)
			RebuildTransferFunctionScriptingTraits (0ms)
			SetupTypeCache (330ms)
			ReleaseScriptCaches (0ms)
			RebuildScriptCaches (63ms)
			SetupLoadedEditorAssemblies (314ms)
				LogAssemblyErrors (0ms)
				InitializePlatformSupportModulesInManaged (5ms)
				SetLoadedEditorAssemblies (1ms)
				RefreshPlugins (0ms)
				BeforeProcessingInitializeOnLoad (66ms)
				ProcessInitializeOnLoadAttributes (235ms)
				ProcessInitializeOnLoadMethodAttributes (5ms)
				AfterProcessingInitializeOnLoad (2ms)
				EditorAssembliesLoaded (0ms)
			ExecutionOrderSort2 (0ms)
			AwakeInstancesAfterBackupRestoration (8ms)
Platform modules already initialized, skipping
Validating Project structure ... 0.000378 seconds.
Shader import version has changed; will reimport all shaders...
Upgrading shader files ...0.000778 seconds.
Application.AssetDatabase Initial Script Refresh Start
RefreshInfo: InitialScriptRefreshV2(NoUpdateAssetOptions) scanfilter:  ... 1 filters
RefreshProfiler: Total: 0.000ms
Application.AssetDatabase Initial Script Refresh End
Application.AssetDatabase.Refresh Start
Application.AssetDatabase.Refresh End
RefreshInfo: StopAssetImportingV2(ForceSynchronousImport) scanfilter: 
RefreshProfiler: Total: 0.000ms
Launching external process: /Applications/Unity/Hub/Editor/2020.3.19f1/Unity.app/Contents/Tools/UnityShaderCompiler
Launched and connected shader compiler UnityShaderCompiler after 0.01 seconds
Initializing Unity extensions:
========================================================================
Worker process is ready to serve import requests
Refreshing native plugins compatible for Editor in 0.38 ms, found 2 plugins.
Preloading 0 native plugins for Editor in 0.00 ms.
Unloading 1398 Unused Serialized files (Serialized files now loaded: 0)
System memory in use before: 159.3 MB.
System memory in use after: 158.5 MB.

Unloading 77 unused Assets to reduce memory usage. Loaded Objects now: 1872.
Total: 4.535168 ms (FindLiveObjects: 0.180267 ms CreateObjectMapping: 0.045493 ms MarkObjects: 3.608796 ms  DeleteObjects: 0.698811 ms)

AssetImportParameters requested are different than current active one (requested -> active):
  custom:video-decoder-ogg-theora: a1e56fd34408186e4bbccfd4996cb3dc -> 
  custom:container-muxer-webm: aa71ff27fc2769a1b78a27578f13a17b -> 
  custom:container-demuxer-webm: 4f35f7cbe854078d1ac9338744f61a02 -> 
  custom:container-demuxer-ogg: 62fdf1f143b41e24485cea50d1cbac27 -> 
  custom:video-encoder-webm-vp8: eb34c28f22e8b96e1ab97ce403110664 -> 
  custom:framework-osx-AVFoundation: e770b220cccbd017edd2c1fefb359320 -> 
  custom:video-decoder-webm-vp8: 9c59270c3fd7afecdb556c50c9e8de78 -> 
  custom:audio-decoder-ogg-vorbis: bf7c407c2cedff20999df2af8eb42d56 -> 
  custom:audio-encoder-webm-vorbis: bf7c407c2cedff20999df2af8eb42d56 -> 
========================================================================
Received Import Request.
  path: Assets
  artifactKey: Guid(00000000000000001000000000000000) Importer(815301076,1909f56bfc062723c751e8b465ee728b)
Start importing Assets using Guid(00000000000000001000000000000000) Importer(815301076,1909f56bfc062723c751e8b465ee728b)  -> (artifact id: '42d402b061de3733987d63b9cc3b64de') in 0.005374 seconds 
  Import took 0.009183 seconds .

========================================================================
Received Import Request.
  Time since last request: 0.000357 seconds.
  path: Assets/Materials/Blue_Mat.mat
  artifactKey: Guid(f17286306bc9a4116950f4db55240cea) Importer(815301076,1909f56bfc062723c751e8b465ee728b)
Start importing Assets/Materials/Blue_Mat.mat using Guid(f17286306bc9a4116950f4db55240cea) Importer(815301076,1909f56bfc062723c751e8b465ee728b)  -> (artifact id: '52c2fcc0de192e21e3308ce7878c6521') in 1.004372 seconds 
  Import took 1.007124 seconds .

========================================================================
Received Import Request.
  Time since last request: 949.081800 seconds.
  path: Assets/Materials/Red_Mat.mat
  artifactKey: Guid(917fe93c817c043a6ab9ccebaea6930d) Importer(815301076,1909f56bfc062723c751e8b465ee728b)
Start importing Assets/Materials/Red_Mat.mat using Guid(917fe93c817c043a6ab9ccebaea6930d) Importer(815301076,1909f56bfc062723c751e8b465ee728b)  -> (artifact id: '1f9bbc44082be3789d51991fd8ccb0d7') in 0.020397 seconds 
  Import took 0.023542 seconds .

========================================================================
Received Import Request.
  Time since last request: 28.578991 seconds.
  path: Assets/Materials/Black_Mat.mat
  artifactKey: Guid(8b87952142e214a7d8ee370021247706) Importer(815301076,1909f56bfc062723c751e8b465ee728b)
Start importing Assets/Materials/Black_Mat.mat using Guid(8b87952142e214a7d8ee370021247706) Importer(815301076,1909f56bfc062723c751e8b465ee728b)  -> (artifact id: 'e5382cf9439c83d316e463c13b2d5d71') in 0.014196 seconds 
  Import took 0.017031 seconds .

========================================================================
Received Import Request.
  Time since last request: 419.090089 seconds.
  path: Assets/Prefabs
  artifactKey: Guid(34588656499ae4e97aaa78520c0e6b5d) Importer(815301076,1909f56bfc062723c751e8b465ee728b)
Start importing Assets/Prefabs using Guid(34588656499ae4e97aaa78520c0e6b5d) Importer(815301076,1909f56bfc062723c751e8b465ee728b)  -> (artifact id: 'a099fa9b5e9f96ef0297517e689d89a9') in 0.002122 seconds 
  Import took 0.004587 seconds .

========================================================================
Received Import Request.
  Time since last request: 36.137920 seconds.
  path: Assets/Prefabs/Templo.prefab
  artifactKey: Guid(fb10ec9cef4a04a69bf0524bdb497b91) Importer(815301076,1909f56bfc062723c751e8b465ee728b)
Start importing Assets/Prefabs/Templo.prefab using Guid(fb10ec9cef4a04a69bf0524bdb497b91) Importer(815301076,1909f56bfc062723c751e8b465ee728b)  -> (artifact id: 'a7e29f23f5cfaf0dab18ea6966db9246') in 0.325971 seconds 
  Import took 0.328685 seconds .

========================================================================
Received Import Request.
  Time since last request: 589.685819 seconds.
  path: Assets/Prefabs/Templo.prefab
  artifactKey: Guid(fb10ec9cef4a04a69bf0524bdb497b91) Importer(815301076,1909f56bfc062723c751e8b465ee728b)
Start importing Assets/Prefabs/Templo.prefab using Guid(fb10ec9cef4a04a69bf0524bdb497b91) Importer(815301076,1909f56bfc062723c751e8b465ee728b)  -> (artifact id: '00ffbd0621332dd1ef7b29136963ef55') in 0.012815 seconds 
  Import took 0.017505 seconds .

========================================================================
Received Import Request.
  Time since last request: 119.806656 seconds.
  path: Assets/Prefabs/Templo.prefab
  artifactKey: Guid(fb10ec9cef4a04a69bf0524bdb497b91) Importer(815301076,1909f56bfc062723c751e8b465ee728b)
Start importing Assets/Prefabs/Templo.prefab using Guid(fb10ec9cef4a04a69bf0524bdb497b91) Importer(815301076,1909f56bfc062723c751e8b465ee728b)  -> (artifact id: '55b4f5dba18c9aaf5d97c8092b31e3e7') in 0.008563 seconds 
  Import took 0.011474 seconds .

========================================================================
Received Import Request.
  Time since last request: 124.804125 seconds.
  path: Assets/Materials/Black_Mat.mat
  artifactKey: Guid(8b87952142e214a7d8ee370021247706) Importer(815301076,1909f56bfc062723c751e8b465ee728b)
Start importing Assets/Materials/Black_Mat.mat using Guid(8b87952142e214a7d8ee370021247706) Importer(815301076,1909f56bfc062723c751e8b465ee728b)  -> (artifact id: '773fdc9fe80f31bfd36be78e7e20e1e9') in 0.010356 seconds 
  Import took 0.013472 seconds .

========================================================================
Received Import Request.
  Time since last request: 0.000392 seconds.
  path: Assets/Materials/Red_Mat.mat
  artifactKey: Guid(917fe93c817c043a6ab9ccebaea6930d) Importer(815301076,1909f56bfc062723c751e8b465ee728b)
Start importing Assets/Materials/Red_Mat.mat using Guid(917fe93c817c043a6ab9ccebaea6930d) Importer(815301076,1909f56bfc062723c751e8b465ee728b)  -> (artifact id: 'f376afbea19be39cd8f2a3166e9e1fb0') in 0.011293 seconds 
  Import took 0.014003 seconds .

========================================================================
Received Import Request.
  Time since last request: 327.786598 seconds.
  path: Assets/Prefabs/Templo.prefab
  artifactKey: Guid(fb10ec9cef4a04a69bf0524bdb497b91) Importer(815301076,1909f56bfc062723c751e8b465ee728b)
Start importing Assets/Prefabs/Templo.prefab using Guid(fb10ec9cef4a04a69bf0524bdb497b91) Importer(815301076,1909f56bfc062723c751e8b465ee728b)  -> (artifact id: 'ad0e5081e6b4a3df7cc19d5bdfaf2c26') in 0.009563 seconds 
  Import took 0.012457 seconds .

========================================================================
Received Import Request.
  Time since last request: 36.100082 seconds.
  path: Assets/Prefabs/Templo Variante Variant.prefab
  artifactKey: Guid(46668d6e09cd1434aa1afdcb6baee819) Importer(815301076,1909f56bfc062723c751e8b465ee728b)
Start importing Assets/Prefabs/Templo Variante Variant.prefab using Guid(46668d6e09cd1434aa1afdcb6baee819) Importer(815301076,1909f56bfc062723c751e8b465ee728b)  -> (artifact id: '08c0d79664f85dd6f1ca32dc3dd415a2') in 0.011843 seconds 
  Import took 0.014498 seconds .

========================================================================
Received Import Request.
  Time since last request: 47.585756 seconds.
  path: Assets/Prefabs/Templo Variante Variant.prefab
  artifactKey: Guid(46668d6e09cd1434aa1afdcb6baee819) Importer(815301076,1909f56bfc062723c751e8b465ee728b)
Start importing Assets/Prefabs/Templo Variante Variant.prefab using Guid(46668d6e09cd1434aa1afdcb6baee819) Importer(815301076,1909f56bfc062723c751e8b465ee728b)  -> (artifact id: '78f8480d65b146328770862a403095bb') in 0.009244 seconds 
  Import took 0.012006 seconds .

========================================================================
Received Import Request.
  Time since last request: 42.871309 seconds.
  path: Assets/Prefabs/Templo Variante Variant.prefab
  artifactKey: Guid(46668d6e09cd1434aa1afdcb6baee819) Importer(815301076,1909f56bfc062723c751e8b465ee728b)
Start importing Assets/Prefabs/Templo Variante Variant.prefab using Guid(46668d6e09cd1434aa1afdcb6baee819) Importer(815301076,1909f56bfc062723c751e8b465ee728b)  -> (artifact id: '36d4bd522df9d7bd70960e9e7974fd14') in 0.008670 seconds 
  Import took 0.012667 seconds .

========================================================================
Received Import Request.
  Time since last request: 0.000290 seconds.
  path: Assets/Prefabs/Templo.prefab
  artifactKey: Guid(fb10ec9cef4a04a69bf0524bdb497b91) Importer(815301076,1909f56bfc062723c751e8b465ee728b)
Start importing Assets/Prefabs/Templo.prefab using Guid(fb10ec9cef4a04a69bf0524bdb497b91) Importer(815301076,1909f56bfc062723c751e8b465ee728b)  -> (artifact id: 'a754dec99dd2f2ea1c49981372980575') in 0.007975 seconds 
  Import took 0.011037 seconds .

AssetImportWorkerClient::OnTransportError - code=2 error=End of file
